<?xml version="1.0" encoding="UTF-8"?>
<!-- Generated by org.testng.reporters.JUnitXMLReporter -->
<testsuite hostname="DESKTOP-OAJVB1O" ignored="0" name="EdgeTest" tests="1" failures="1" timestamp="10 Jan 2024 09:47:52 GMT" time="11.387" errors="0">
  <testcase name="tc01" time="11.37" classname="org.base.TestSuite">
    <failure type="io.github.bonigarcia.wdm.WebDriverManagerException" message="java.util.NoSuchElementException">
      <![CDATA[io.github.bonigarcia.wdm.WebDriverManagerException: java.util.NoSuchElementException
at io.github.bonigarcia.wdm.WebDriverManager.handleException(WebDriverManager.java:776)
at io.github.bonigarcia.wdm.WebDriverManager.manage(WebDriverManager.java:550)
at io.github.bonigarcia.wdm.WebDriverManager.handleException(WebDriverManager.java:773)
at io.github.bonigarcia.wdm.WebDriverManager.manage(WebDriverManager.java:550)
at io.github.bonigarcia.wdm.WebDriverManager.handleException(WebDriverManager.java:766)
at io.github.bonigarcia.wdm.WebDriverManager.manage(WebDriverManager.java:550)
at io.github.bonigarcia.wdm.WebDriverManager.setup(WebDriverManager.java:260)
at org.base.BaseDemo.getDriver(BaseDemo.java:27)
at org.base.TestSuite.tc01(TestSuite.java:11)
Caused by: java.util.NoSuchElementException
at java.util.ArrayList$Itr.next(Unknown Source)
at io.github.bonigarcia.wdm.EdgeDriverManager.checkLatest(EdgeDriverManager.java:179)
at io.github.bonigarcia.wdm.WebDriverManager.filterCandidateUrls(WebDriverManager.java:799)
at io.github.bonigarcia.wdm.WebDriverManager.downloadAndExport(WebDriverManager.java:568)
at io.github.bonigarcia.wdm.WebDriverManager.manage(WebDriverManager.java:547)
... 32 more
... Removed 25 stack frames]]>
    </failure>
  </testcase> <!-- tc01 -->
</testsuite> <!-- EdgeTest -->
