<?xml version="1.0" encoding="UTF-8"?>
<!-- Generated by org.testng.reporters.JUnitXMLReporter -->
<testsuite hostname="DESKTOP-OAJVB1O" ignored="5" tests="0" failures="0" timestamp="09 Jan 2024 07:01:52 GMT" time="0.0" errors="0">
  <testcase name="tc01" time="0.0" classname="org.base.GpDemo">
    <ignored/>
  </testcase> <!-- tc01 -->
  <testcase name="tc03" time="0.0" classname="org.base.GpDemo">
    <ignored/>
  </testcase> <!-- tc03 -->
  <testcase name="tc02" time="0.0" classname="org.base.GpDemo">
    <ignored/>
  </testcase> <!-- tc02 -->
  <testcase name="tc05" time="0.0" classname="org.base.GpDemo">
    <ignored/>
  </testcase> <!-- tc05 -->
  <testcase name="tc04" time="0.0" classname="org.base.GpDemo">
    <ignored/>
  </testcase> <!-- tc04 -->
</testsuite>
